0 info it worked if it ends with ok
1 verbose cli [ '/usr/local/heroku/bin/node',
1 verbose cli   '/home/pradeep/.nvm/versions/node/v6.7.0/bin/npm',
1 verbose cli   'start' ]
2 info using npm@3.10.8
3 info using node@v7.10.0
4 verbose run-script [ 'prestart', 'start', 'poststart' ]
5 info lifecycle test-sync@0.0.1~prestart: test-sync@0.0.1
6 silly lifecycle test-sync@0.0.1~prestart: no script for prestart, continuing
7 info lifecycle test-sync@0.0.1~start: test-sync@0.0.1
8 verbose lifecycle test-sync@0.0.1~start: unsafe-perm in lifecycle true
9 verbose lifecycle test-sync@0.0.1~start: PATH: /home/pradeep/.nvm/versions/node/v6.7.0/lib/node_modules/npm/bin/node-gyp-bin:/home/pradeep/Documents/Practice/New-Contentstack-Express/Tmp/node_modules/.bin:/home/pradeep/.rbenv/plugins/ruby-build/bin:/home/pradeep/.rbenv/shims:/home/pradeep/.rbenv/bin:/usr/local/heroku/bin:/home/pradeep/.nvm/versions/node/v6.7.0/bin:/usr/local/sbin:/usr/local/bin:/usr/sbin:/usr/bin:/sbin:/bin:/usr/games:/usr/local/games:/usr/lib/jvm/java-8-oracle/bin:/usr/lib/jvm/java-8-oracle/db/bin:/usr/lib/jvm/java-8-oracle/jre/bin
10 verbose lifecycle test-sync@0.0.1~start: CWD: /home/pradeep/Documents/Practice/New-Contentstack-Express/Tmp
11 silly lifecycle test-sync@0.0.1~start: Args: [ '-c', 'node app.js' ]
12 silly lifecycle test-sync@0.0.1~start: Returned: code: 1  signal: null
13 info lifecycle test-sync@0.0.1~start: Failed to exec start script
14 verbose stack Error: test-sync@0.0.1 start: `node app.js`
14 verbose stack Exit status 1
14 verbose stack     at EventEmitter.<anonymous> (/home/pradeep/.nvm/versions/node/v6.7.0/lib/node_modules/npm/lib/utils/lifecycle.js:255:16)
14 verbose stack     at emitTwo (events.js:106:13)
14 verbose stack     at EventEmitter.emit (events.js:194:7)
14 verbose stack     at ChildProcess.<anonymous> (/home/pradeep/.nvm/versions/node/v6.7.0/lib/node_modules/npm/lib/utils/spawn.js:40:14)
14 verbose stack     at emitTwo (events.js:106:13)
14 verbose stack     at ChildProcess.emit (events.js:194:7)
14 verbose stack     at maybeClose (internal/child_process.js:899:16)
14 verbose stack     at Process.ChildProcess._handle.onexit (internal/child_process.js:226:5)
15 verbose pkgid test-sync@0.0.1
16 verbose cwd /home/pradeep/Documents/Practice/New-Contentstack-Express/Tmp
17 error Linux 3.13.0-129-generic
18 error argv "/usr/local/heroku/bin/node" "/home/pradeep/.nvm/versions/node/v6.7.0/bin/npm" "start"
19 error node v7.10.0
20 error npm  v3.10.8
21 error code ELIFECYCLE
22 error test-sync@0.0.1 start: `node app.js`
22 error Exit status 1
23 error Failed at the test-sync@0.0.1 start script 'node app.js'.
23 error Make sure you have the latest version of node.js and npm installed.
23 error If you do, this is most likely a problem with the test-sync package,
23 error not with npm itself.
23 error Tell the author that this fails on your system:
23 error     node app.js
23 error You can get information on how to open an issue for this project with:
23 error     npm bugs test-sync
23 error Or if that isn't available, you can get their info via:
23 error     npm owner ls test-sync
23 error There is likely additional logging output above.
24 verbose exit [ 1, true ]
